Determining if the pthread_create exist failed with the following output:
Change Dir: /home/rohan/Documents/C++/CppND-Capstone-Project/build/CMakeFiles/CMakeTmp

Run Build Command:"/usr/bin/make" "cmTC_9746a/fast"
/usr/bin/make -f CMakeFiles/cmTC_9746a.dir/build.make CMakeFiles/cmTC_9746a.dir/build
make[1]: Entering directory '/home/rohan/Documents/C++/CppND-Capstone-Project/build/CMakeFiles/CMakeTmp'
Building C object CMakeFiles/cmTC_9746a.dir/CheckSymbolExists.c.o
/usr/bin/cc    -o CMakeFiles/cmTC_9746a.dir/CheckSymbolExists.c.o   -c /home/rohan/Documents/C++/CppND-Capstone-Project/build/CMakeFiles/CMakeTmp/CheckSymbolExists.c
Linking C executable cmTC_9746a
/usr/bin/cmake -E cmake_link_script CMakeFiles/cmTC_9746a.dir/link.txt --verbose=1
/usr/bin/cc      CMakeFiles/cmTC_9746a.dir/CheckSymbolExists.c.o  -o cmTC_9746a 
CMakeFiles/cmTC_9746a.dir/CheckSymbolExists.c.o: In function `main':
CheckSymbolExists.c:(.text+0x1b): undefined reference to `pthread_create'
collect2: error: ld returned 1 exit status
CMakeFiles/cmTC_9746a.dir/build.make:97: recipe for target 'cmTC_9746a' failed
make[1]: *** [cmTC_9746a] Error 1
make[1]: Leaving directory '/home/rohan/Documents/C++/CppND-Capstone-Project/build/CMakeFiles/CMakeTmp'
Makefile:126: recipe for target 'cmTC_9746a/fast' failed
make: *** [cmTC_9746a/fast] Error 2

File /home/rohan/Documents/C++/CppND-Capstone-Project/build/CMakeFiles/CMakeTmp/CheckSymbolExists.c:
/* */
#include <pthread.h>

int main(int argc, char** argv)
{
  (void)argv;
#ifndef pthread_create
  return ((int*)(&pthread_create))[argc];
#else
  (void)argc;
  return 0;
#endif
}

Determining if the function pthread_create exists in the pthreads failed with the following output:
Change Dir: /home/rohan/Documents/C++/CppND-Capstone-Project/build/CMakeFiles/CMakeTmp

Run Build Command:"/usr/bin/make" "cmTC_63a96/fast"
/usr/bin/make -f CMakeFiles/cmTC_63a96.dir/build.make CMakeFiles/cmTC_63a96.dir/build
make[1]: Entering directory '/home/rohan/Documents/C++/CppND-Capstone-Project/build/CMakeFiles/CMakeTmp'
Building C object CMakeFiles/cmTC_63a96.dir/CheckFunctionExists.c.o
/usr/bin/cc   -DCHECK_FUNCTION_EXISTS=pthread_create   -o CMakeFiles/cmTC_63a96.dir/CheckFunctionExists.c.o   -c /usr/share/cmake-3.10/Modules/CheckFunctionExists.c
Linking C executable cmTC_63a96
/usr/bin/cmake -E cmake_link_script CMakeFiles/cmTC_63a96.dir/link.txt --verbose=1
/usr/bin/cc  -DCHECK_FUNCTION_EXISTS=pthread_create    CMakeFiles/cmTC_63a96.dir/CheckFunctionExists.c.o  -o cmTC_63a96 -lpthreads 
/usr/bin/ld: cannot find -lpthreads
collect2: error: ld returned 1 exit status
CMakeFiles/cmTC_63a96.dir/build.make:97: recipe for target 'cmTC_63a96' failed
make[1]: *** [cmTC_63a96] Error 1
make[1]: Leaving directory '/home/rohan/Documents/C++/CppND-Capstone-Project/build/CMakeFiles/CMakeTmp'
Makefile:126: recipe for target 'cmTC_63a96/fast' failed
make: *** [cmTC_63a96/fast] Error 2


